<?xml version="1.0" encoding="UTF-8"?>
<testng-results skipped="0" failed="0" total="1" passed="1">
  <reporter-output>
  </reporter-output>
  <suite name="Suite" duration-ms="16" started-at="2017-08-05T02:44:00Z" finished-at="2017-08-05T02:44:00Z">
    <groups>
    </groups>
    <test name="Test" duration-ms="16" started-at="2017-08-05T02:44:00Z" finished-at="2017-08-05T02:44:00Z">
      <class name="example.Jen">
        <test-method status="PASS" signature="a()[pri:0, instance:example.Jen@7c703b]" name="a" duration-ms="16" started-at="2017-08-04T22:44:00Z" finished-at="2017-08-04T22:44:00Z">
          <reporter-output>
          </reporter-output>
        </test-method> <!-- a -->
      </class> <!-- example.Jen -->
    </test> <!-- Test -->
  </suite> <!-- Suite -->
</testng-results>
